2021-02-02 08:55:20 Error: [Cake\Routing\Exception\MissingControllerException] Controller class Articles could not be found. (/Users/t-murakami/Project/blog/vendor/cakephp/cakephp/src/Http/ControllerFactory.php:105)
Exception Attributes: array (
  'class' => 'Articles',
  'plugin' => false,
  'prefix' => false,
  '_ext' => false,
)
#0 /Users/t-murakami/Project/blog/vendor/cakephp/cakephp/src/Http/ControllerFactory.php(39): Cake\Http\ControllerFactory->missingController(Object(Cake\Http\ServerRequest))
#1 /Users/t-murakami/Project/blog/vendor/cakephp/cakephp/src/Http/ActionDispatcher.php(91): Cake\Http\ControllerFactory->create(Object(Cake\Http\ServerRequest), Object(Cake\Http\Response))
#2 /Users/t-murakami/Project/blog/vendor/cakephp/cakephp/src/Http/BaseApplication.php(256): Cake\Http\ActionDispatcher->dispatch(Object(Cake\Http\ServerRequest), Object(Cake\Http\Response))
#3 /Users/t-murakami/Project/blog/vendor/cakephp/cakephp/src/Http/Runner.php(65): Cake\Http\BaseApplication->__invoke(Object(Cake\Http\ServerRequest), Object(Cake\Http\Response), Object(Cake\Http\Runner))
#4 /Users/t-murakami/Project/blog/vendor/cakephp/cakephp/src/Http/Runner.php(65): Cake\Http\Runner->__invoke(Object(Cake\Http\ServerRequest), Object(Cake\Http\Response), Object(Cake\Http\Runner))
#5 /Users/t-murakami/Project/blog/vendor/cakephp/cakephp/src/Http/Middleware/CsrfProtectionMiddleware.php(126): Cake\Http\Runner->__invoke(Object(Cake\Http\ServerRequest), Object(Cake\Http\Response))
#6 /Users/t-murakami/Project/blog/vendor/cakephp/cakephp/src/Http/Runner.php(65): Cake\Http\Middleware\CsrfProtectionMiddleware->__invoke(Object(Cake\Http\ServerRequest), Object(Cake\Http\Response), Object(Cake\Http\Runner))
#7 /Users/t-murakami/Project/blog/vendor/cakephp/cakephp/src/Http/Runner.php(51): Cake\Http\Runner->__invoke(Object(Cake\Http\ServerRequest), Object(Cake\Http\Response))
#8 /Users/t-murakami/Project/blog/vendor/cakephp/cakephp/src/Routing/Middleware/RoutingMiddleware.php(170): Cake\Http\Runner->run(Object(Cake\Http\MiddlewareQueue), Object(Cake\Http\ServerRequest), Object(Cake\Http\Response))
#9 /Users/t-murakami/Project/blog/vendor/cakephp/cakephp/src/Http/Runner.php(65): Cake\Routing\Middleware\RoutingMiddleware->__invoke(Object(Cake\Http\ServerRequest), Object(Cake\Http\Response), Object(Cake\Http\Runner))
#10 /Users/t-murakami/Project/blog/vendor/cakephp/cakephp/src/Routing/Middleware/AssetMiddleware.php(88): Cake\Http\Runner->__invoke(Object(Cake\Http\ServerRequest), Object(Cake\Http\Response))
#11 /Users/t-murakami/Project/blog/vendor/cakephp/cakephp/src/Http/Runner.php(65): Cake\Routing\Middleware\AssetMiddleware->__invoke(Object(Cake\Http\ServerRequest), Object(Cake\Http\Response), Object(Cake\Http\Runner))
#12 /Users/t-murakami/Project/blog/vendor/cakephp/cakephp/src/Error/Middleware/ErrorHandlerMiddleware.php(100): Cake\Http\Runner->__invoke(Object(Cake\Http\ServerRequest), Object(Cake\Http\Response))
#13 /Users/t-murakami/Project/blog/vendor/cakephp/cakephp/src/Http/Runner.php(65): Cake\Error\Middleware\ErrorHandlerMiddleware->__invoke(Object(Cake\Http\ServerRequest), Object(Cake\Http\Response), Object(Cake\Http\Runner))
#14 /Users/t-murakami/Project/blog/vendor/cakephp/debug_kit/src/Middleware/DebugKitMiddleware.php(53): Cake\Http\Runner->__invoke(Object(Cake\Http\ServerRequest), Object(Cake\Http\Response))
#15 /Users/t-murakami/Project/blog/vendor/cakephp/cakephp/src/Http/Runner.php(65): DebugKit\Middleware\DebugKitMiddleware->__invoke(Object(Cake\Http\ServerRequest), Object(Cake\Http\Response), Object(Cake\Http\Runner))
#16 /Users/t-murakami/Project/blog/vendor/cakephp/cakephp/src/Http/Runner.php(51): Cake\Http\Runner->__invoke(Object(Cake\Http\ServerRequest), Object(Cake\Http\Response))
#17 /Users/t-murakami/Project/blog/vendor/cakephp/cakephp/src/Http/Server.php(97): Cake\Http\Runner->run(Object(Cake\Http\MiddlewareQueue), Object(Cake\Http\ServerRequest), Object(Cake\Http\Response))
#18 /Users/t-murakami/Project/blog/webroot/index.php(40): Cake\Http\Server->run()
#19 {main}
Request URL: /articles


2021-02-02 08:55:28 Error: [Cake\Routing\Exception\MissingControllerException] Controller class Articles could not be found. (/Users/t-murakami/Project/blog/vendor/cakephp/cakephp/src/Http/ControllerFactory.php:105)
Exception Attributes: array (
  'class' => 'Articles',
  'plugin' => false,
  'prefix' => false,
  '_ext' => false,
)
#0 /Users/t-murakami/Project/blog/vendor/cakephp/cakephp/src/Http/ControllerFactory.php(39): Cake\Http\ControllerFactory->missingController(Object(Cake\Http\ServerRequest))
#1 /Users/t-murakami/Project/blog/vendor/cakephp/cakephp/src/Http/ActionDispatcher.php(91): Cake\Http\ControllerFactory->create(Object(Cake\Http\ServerRequest), Object(Cake\Http\Response))
#2 /Users/t-murakami/Project/blog/vendor/cakephp/cakephp/src/Http/BaseApplication.php(256): Cake\Http\ActionDispatcher->dispatch(Object(Cake\Http\ServerRequest), Object(Cake\Http\Response))
#3 /Users/t-murakami/Project/blog/vendor/cakephp/cakephp/src/Http/Runner.php(65): Cake\Http\BaseApplication->__invoke(Object(Cake\Http\ServerRequest), Object(Cake\Http\Response), Object(Cake\Http\Runner))
#4 /Users/t-murakami/Project/blog/vendor/cakephp/cakephp/src/Http/Runner.php(65): Cake\Http\Runner->__invoke(Object(Cake\Http\ServerRequest), Object(Cake\Http\Response), Object(Cake\Http\Runner))
#5 /Users/t-murakami/Project/blog/vendor/cakephp/cakephp/src/Http/Middleware/CsrfProtectionMiddleware.php(126): Cake\Http\Runner->__invoke(Object(Cake\Http\ServerRequest), Object(Cake\Http\Response))
#6 /Users/t-murakami/Project/blog/vendor/cakephp/cakephp/src/Http/Runner.php(65): Cake\Http\Middleware\CsrfProtectionMiddleware->__invoke(Object(Cake\Http\ServerRequest), Object(Cake\Http\Response), Object(Cake\Http\Runner))
#7 /Users/t-murakami/Project/blog/vendor/cakephp/cakephp/src/Http/Runner.php(51): Cake\Http\Runner->__invoke(Object(Cake\Http\ServerRequest), Object(Cake\Http\Response))
#8 /Users/t-murakami/Project/blog/vendor/cakephp/cakephp/src/Routing/Middleware/RoutingMiddleware.php(170): Cake\Http\Runner->run(Object(Cake\Http\MiddlewareQueue), Object(Cake\Http\ServerRequest), Object(Cake\Http\Response))
#9 /Users/t-murakami/Project/blog/vendor/cakephp/cakephp/src/Http/Runner.php(65): Cake\Routing\Middleware\RoutingMiddleware->__invoke(Object(Cake\Http\ServerRequest), Object(Cake\Http\Response), Object(Cake\Http\Runner))
#10 /Users/t-murakami/Project/blog/vendor/cakephp/cakephp/src/Routing/Middleware/AssetMiddleware.php(88): Cake\Http\Runner->__invoke(Object(Cake\Http\ServerRequest), Object(Cake\Http\Response))
#11 /Users/t-murakami/Project/blog/vendor/cakephp/cakephp/src/Http/Runner.php(65): Cake\Routing\Middleware\AssetMiddleware->__invoke(Object(Cake\Http\ServerRequest), Object(Cake\Http\Response), Object(Cake\Http\Runner))
#12 /Users/t-murakami/Project/blog/vendor/cakephp/cakephp/src/Error/Middleware/ErrorHandlerMiddleware.php(100): Cake\Http\Runner->__invoke(Object(Cake\Http\ServerRequest), Object(Cake\Http\Response))
#13 /Users/t-murakami/Project/blog/vendor/cakephp/cakephp/src/Http/Runner.php(65): Cake\Error\Middleware\ErrorHandlerMiddleware->__invoke(Object(Cake\Http\ServerRequest), Object(Cake\Http\Response), Object(Cake\Http\Runner))
#14 /Users/t-murakami/Project/blog/vendor/cakephp/debug_kit/src/Middleware/DebugKitMiddleware.php(53): Cake\Http\Runner->__invoke(Object(Cake\Http\ServerRequest), Object(Cake\Http\Response))
#15 /Users/t-murakami/Project/blog/vendor/cakephp/cakephp/src/Http/Runner.php(65): DebugKit\Middleware\DebugKitMiddleware->__invoke(Object(Cake\Http\ServerRequest), Object(Cake\Http\Response), Object(Cake\Http\Runner))
#16 /Users/t-murakami/Project/blog/vendor/cakephp/cakephp/src/Http/Runner.php(51): Cake\Http\Runner->__invoke(Object(Cake\Http\ServerRequest), Object(Cake\Http\Response))
#17 /Users/t-murakami/Project/blog/vendor/cakephp/cakephp/src/Http/Server.php(97): Cake\Http\Runner->run(Object(Cake\Http\MiddlewareQueue), Object(Cake\Http\ServerRequest), Object(Cake\Http\Response))
#18 /Users/t-murakami/Project/blog/webroot/index.php(40): Cake\Http\Server->run()
#19 {main}
Request URL: /articles/index


2021-02-02 10:11:17 Error: [Cake\Database\Exception] SQLSTATE[42S02]: Base table or view not found: 1146 Table 'cake_blog.articles' doesn't exist (/Users/t-murakami/project/blog/vendor/cakephp/cakephp/src/Database/Schema/Collection.php:132)
#0 /Users/t-murakami/project/blog/vendor/cakephp/cakephp/src/Database/Schema/Collection.php(98): Cake\Database\Schema\Collection->_reflect('Column', 'articles', Array, Object(Cake\Database\Schema\TableSchema))
#1 /Users/t-murakami/project/blog/vendor/cakephp/cakephp/src/Database/Schema/CachedCollection.php(61): Cake\Database\Schema\Collection->describe('articles', Array)
#2 /Users/t-murakami/project/blog/vendor/cakephp/cakephp/src/ORM/Table.php(566): Cake\Database\Schema\CachedCollection->describe('articles')
#3 /Users/t-murakami/project/blog/vendor/cakephp/cakephp/src/ORM/Query.php(267): Cake\ORM\Table->getSchema()
#4 /Users/t-murakami/project/blog/vendor/cakephp/cakephp/src/ORM/Query.php(167): Cake\ORM\Query->addDefaultTypes(Object(App\Model\Table\ArticlesTable))
#5 /Users/t-murakami/project/blog/vendor/cakephp/cakephp/src/ORM/Table.php(1785): Cake\ORM\Query->__construct(Object(Cake\Database\Connection), Object(App\Model\Table\ArticlesTable))
#6 /Users/t-murakami/project/blog/vendor/cakephp/cakephp/src/ORM/Table.php(1368): Cake\ORM\Table->query()
#7 /Users/t-murakami/project/blog/vendor/cakephp/cakephp/src/Datasource/Paginator.php(201): Cake\ORM\Table->find('all', Array)
#8 /Users/t-murakami/project/blog/vendor/cakephp/cakephp/src/Datasource/Paginator.php(170): Cake\Datasource\Paginator->getQuery(Object(App\Model\Table\ArticlesTable), NULL, Array)
#9 /Users/t-murakami/project/blog/vendor/cakephp/cakephp/src/Controller/Component/PaginatorComponent.php(198): Cake\Datasource\Paginator->paginate(Object(App\Model\Table\ArticlesTable), Array, Array)
#10 /Users/t-murakami/project/blog/vendor/cakephp/cakephp/src/Controller/Controller.php(886): Cake\Controller\Component\PaginatorComponent->paginate(Object(App\Model\Table\ArticlesTable), Array)
#11 /Users/t-murakami/project/blog/src/Controller/ArticlesController.php(22): Cake\Controller\Controller->paginate(Object(App\Model\Table\ArticlesTable))
#12 /Users/t-murakami/project/blog/vendor/cakephp/cakephp/src/Controller/Controller.php(606): App\Controller\ArticlesController->index()
#13 /Users/t-murakami/project/blog/vendor/cakephp/cakephp/src/Http/ActionDispatcher.php(120): Cake\Controller\Controller->invokeAction()
#14 /Users/t-murakami/project/blog/vendor/cakephp/cakephp/src/Http/ActionDispatcher.php(94): Cake\Http\ActionDispatcher->_invoke(Object(App\Controller\ArticlesController))
#15 /Users/t-murakami/project/blog/vendor/cakephp/cakephp/src/Http/BaseApplication.php(256): Cake\Http\ActionDispatcher->dispatch(Object(Cake\Http\ServerRequest), Object(Cake\Http\Response))
#16 /Users/t-murakami/project/blog/vendor/cakephp/cakephp/src/Http/Runner.php(65): Cake\Http\BaseApplication->__invoke(Object(Cake\Http\ServerRequest), Object(Cake\Http\Response), Object(Cake\Http\Runner))
#17 /Users/t-murakami/project/blog/vendor/cakephp/cakephp/src/Http/Runner.php(65): Cake\Http\Runner->__invoke(Object(Cake\Http\ServerRequest), Object(Cake\Http\Response), Object(Cake\Http\Runner))
#18 /Users/t-murakami/project/blog/vendor/cakephp/cakephp/src/Http/Middleware/CsrfProtectionMiddleware.php(126): Cake\Http\Runner->__invoke(Object(Cake\Http\ServerRequest), Object(Cake\Http\Response))
#19 /Users/t-murakami/project/blog/vendor/cakephp/cakephp/src/Http/Runner.php(65): Cake\Http\Middleware\CsrfProtectionMiddleware->__invoke(Object(Cake\Http\ServerRequest), Object(Cake\Http\Response), Object(Cake\Http\Runner))
#20 /Users/t-murakami/project/blog/vendor/cakephp/cakephp/src/Http/Runner.php(51): Cake\Http\Runner->__invoke(Object(Cake\Http\ServerRequest), Object(Cake\Http\Response))
#21 /Users/t-murakami/project/blog/vendor/cakephp/cakephp/src/Routing/Middleware/RoutingMiddleware.php(170): Cake\Http\Runner->run(Object(Cake\Http\MiddlewareQueue), Object(Cake\Http\ServerRequest), Object(Cake\Http\Response))
#22 /Users/t-murakami/project/blog/vendor/cakephp/cakephp/src/Http/Runner.php(65): Cake\Routing\Middleware\RoutingMiddleware->__invoke(Object(Cake\Http\ServerRequest), Object(Cake\Http\Response), Object(Cake\Http\Runner))
#23 /Users/t-murakami/project/blog/vendor/cakephp/cakephp/src/Routing/Middleware/AssetMiddleware.php(88): Cake\Http\Runner->__invoke(Object(Cake\Http\ServerRequest), Object(Cake\Http\Response))
#24 /Users/t-murakami/project/blog/vendor/cakephp/cakephp/src/Http/Runner.php(65): Cake\Routing\Middleware\AssetMiddleware->__invoke(Object(Cake\Http\ServerRequest), Object(Cake\Http\Response), Object(Cake\Http\Runner))
#25 /Users/t-murakami/project/blog/vendor/cakephp/cakephp/src/Error/Middleware/ErrorHandlerMiddleware.php(100): Cake\Http\Runner->__invoke(Object(Cake\Http\ServerRequest), Object(Cake\Http\Response))
#26 /Users/t-murakami/project/blog/vendor/cakephp/cakephp/src/Http/Runner.php(65): Cake\Error\Middleware\ErrorHandlerMiddleware->__invoke(Object(Cake\Http\ServerRequest), Object(Cake\Http\Response), Object(Cake\Http\Runner))
#27 /Users/t-murakami/project/blog/vendor/cakephp/debug_kit/src/Middleware/DebugKitMiddleware.php(53): Cake\Http\Runner->__invoke(Object(Cake\Http\ServerRequest), Object(Cake\Http\Response))
#28 /Users/t-murakami/project/blog/vendor/cakephp/cakephp/src/Http/Runner.php(65): DebugKit\Middleware\DebugKitMiddleware->__invoke(Object(Cake\Http\ServerRequest), Object(Cake\Http\Response), Object(Cake\Http\Runner))
#29 /Users/t-murakami/project/blog/vendor/cakephp/cakephp/src/Http/Runner.php(51): Cake\Http\Runner->__invoke(Object(Cake\Http\ServerRequest), Object(Cake\Http\Response))
#30 /Users/t-murakami/project/blog/vendor/cakephp/cakephp/src/Http/Server.php(97): Cake\Http\Runner->run(Object(Cake\Http\MiddlewareQueue), Object(Cake\Http\ServerRequest), Object(Cake\Http\Response))
#31 /Users/t-murakami/project/blog/webroot/index.php(40): Cake\Http\Server->run()
#32 {main}
Caused by: [PDOException] SQLSTATE[42S02]: Base table or view not found: 1146 Table 'cake_blog.articles' doesn't exist (/Users/t-murakami/project/blog/vendor/cakephp/cakephp/src/Database/Statement/MysqlStatement.php:37)
#0 /Users/t-murakami/project/blog/vendor/cakephp/cakephp/src/Database/Statement/MysqlStatement.php(37): PDOStatement->execute(NULL)
#1 /Users/t-murakami/project/blog/vendor/cakephp/cakephp/src/Database/Statement/StatementDecorator.php(173): Cake\Database\Statement\MysqlStatement->execute(NULL)
#2 /Users/t-murakami/project/blog/vendor/cakephp/cakephp/src/Database/Log/LoggingStatement.php(55): Cake\Database\Statement\StatementDecorator->execute(NULL)
#3 /Users/t-murakami/project/blog/vendor/cakephp/cakephp/src/Database/Connection.php(358): Cake\Database\Log\LoggingStatement->execute()
#4 /Users/t-murakami/project/blog/vendor/cakephp/cakephp/src/Core/Retry/CommandRetry.php(67): Cake\Database\Connection->Cake\Database\{closure}()
#5 /Users/t-murakami/project/blog/vendor/cakephp/cakephp/src/Database/Connection.php(361): Cake\Core\Retry\CommandRetry->run(Object(Closure))
#6 /Users/t-murakami/project/blog/vendor/cakephp/cakephp/src/Database/Connection.php(310): Cake\Database\Connection->query('SHOW FULL COLUM...')
#7 /Users/t-murakami/project/blog/vendor/cakephp/cakephp/src/Core/Retry/CommandRetry.php(67): Cake\Database\Connection->Cake\Database\{closure}()
#8 /Users/t-murakami/project/blog/vendor/cakephp/cakephp/src/Database/Connection.php(314): Cake\Core\Retry\CommandRetry->run(Object(Closure))
#9 /Users/t-murakami/project/blog/vendor/cakephp/cakephp/src/Database/Schema/Collection.php(130): Cake\Database\Connection->execute('SHOW FULL COLUM...', Array)
#10 /Users/t-murakami/project/blog/vendor/cakephp/cakephp/src/Database/Schema/Collection.php(98): Cake\Database\Schema\Collection->_reflect('Column', 'articles', Array, Object(Cake\Database\Schema\TableSchema))
#11 /Users/t-murakami/project/blog/vendor/cakephp/cakephp/src/Database/Schema/CachedCollection.php(61): Cake\Database\Schema\Collection->describe('articles', Array)
#12 /Users/t-murakami/project/blog/vendor/cakephp/cakephp/src/ORM/Table.php(566): Cake\Database\Schema\CachedCollection->describe('articles')
#13 /Users/t-murakami/project/blog/vendor/cakephp/cakephp/src/ORM/Query.php(267): Cake\ORM\Table->getSchema()
#14 /Users/t-murakami/project/blog/vendor/cakephp/cakephp/src/ORM/Query.php(167): Cake\ORM\Query->addDefaultTypes(Object(App\Model\Table\ArticlesTable))
#15 /Users/t-murakami/project/blog/vendor/cakephp/cakephp/src/ORM/Table.php(1785): Cake\ORM\Query->__construct(Object(Cake\Database\Connection), Object(App\Model\Table\ArticlesTable))
#16 /Users/t-murakami/project/blog/vendor/cakephp/cakephp/src/ORM/Table.php(1368): Cake\ORM\Table->query()
#17 /Users/t-murakami/project/blog/vendor/cakephp/cakephp/src/Datasource/Paginator.php(201): Cake\ORM\Table->find('all', Array)
#18 /Users/t-murakami/project/blog/vendor/cakephp/cakephp/src/Datasource/Paginator.php(170): Cake\Datasource\Paginator->getQuery(Object(App\Model\Table\ArticlesTable), NULL, Array)
#19 /Users/t-murakami/project/blog/vendor/cakephp/cakephp/src/Controller/Component/PaginatorComponent.php(198): Cake\Datasource\Paginator->paginate(Object(App\Model\Table\ArticlesTable), Array, Array)
#20 /Users/t-murakami/project/blog/vendor/cakephp/cakephp/src/Controller/Controller.php(886): Cake\Controller\Component\PaginatorComponent->paginate(Object(App\Model\Table\ArticlesTable), Array)
#21 /Users/t-murakami/project/blog/src/Controller/ArticlesController.php(22): Cake\Controller\Controller->paginate(Object(App\Model\Table\ArticlesTable))
#22 /Users/t-murakami/project/blog/vendor/cakephp/cakephp/src/Controller/Controller.php(606): App\Controller\ArticlesController->index()
#23 /Users/t-murakami/project/blog/vendor/cakephp/cakephp/src/Http/ActionDispatcher.php(120): Cake\Controller\Controller->invokeAction()
#24 /Users/t-murakami/project/blog/vendor/cakephp/cakephp/src/Http/ActionDispatcher.php(94): Cake\Http\ActionDispatcher->_invoke(Object(App\Controller\ArticlesController))
#25 /Users/t-murakami/project/blog/vendor/cakephp/cakephp/src/Http/BaseApplication.php(256): Cake\Http\ActionDispatcher->dispatch(Object(Cake\Http\ServerRequest), Object(Cake\Http\Response))
#26 /Users/t-murakami/project/blog/vendor/cakephp/cakephp/src/Http/Runner.php(65): Cake\Http\BaseApplication->__invoke(Object(Cake\Http\ServerRequest), Object(Cake\Http\Response), Object(Cake\Http\Runner))
#27 /Users/t-murakami/project/blog/vendor/cakephp/cakephp/src/Http/Runner.php(65): Cake\Http\Runner->__invoke(Object(Cake\Http\ServerRequest), Object(Cake\Http\Response), Object(Cake\Http\Runner))
#28 /Users/t-murakami/project/blog/vendor/cakephp/cakephp/src/Http/Middleware/CsrfProtectionMiddleware.php(126): Cake\Http\Runner->__invoke(Object(Cake\Http\ServerRequest), Object(Cake\Http\Response))
#29 /Users/t-murakami/project/blog/vendor/cakephp/cakephp/src/Http/Runner.php(65): Cake\Http\Middleware\CsrfProtectionMiddleware->__invoke(Object(Cake\Http\ServerRequest), Object(Cake\Http\Response), Object(Cake\Http\Runner))
#30 /Users/t-murakami/project/blog/vendor/cakephp/cakephp/src/Http/Runner.php(51): Cake\Http\Runner->__invoke(Object(Cake\Http\ServerRequest), Object(Cake\Http\Response))
#31 /Users/t-murakami/project/blog/vendor/cakephp/cakephp/src/Routing/Middleware/RoutingMiddleware.php(170): Cake\Http\Runner->run(Object(Cake\Http\MiddlewareQueue), Object(Cake\Http\ServerRequest), Object(Cake\Http\Response))
#32 /Users/t-murakami/project/blog/vendor/cakephp/cakephp/src/Http/Runner.php(65): Cake\Routing\Middleware\RoutingMiddleware->__invoke(Object(Cake\Http\ServerRequest), Object(Cake\Http\Response), Object(Cake\Http\Runner))
#33 /Users/t-murakami/project/blog/vendor/cakephp/cakephp/src/Routing/Middleware/AssetMiddleware.php(88): Cake\Http\Runner->__invoke(Object(Cake\Http\ServerRequest), Object(Cake\Http\Response))
#34 /Users/t-murakami/project/blog/vendor/cakephp/cakephp/src/Http/Runner.php(65): Cake\Routing\Middleware\AssetMiddleware->__invoke(Object(Cake\Http\ServerRequest), Object(Cake\Http\Response), Object(Cake\Http\Runner))
#35 /Users/t-murakami/project/blog/vendor/cakephp/cakephp/src/Error/Middleware/ErrorHandlerMiddleware.php(100): Cake\Http\Runner->__invoke(Object(Cake\Http\ServerRequest), Object(Cake\Http\Response))
#36 /Users/t-murakami/project/blog/vendor/cakephp/cakephp/src/Http/Runner.php(65): Cake\Error\Middleware\ErrorHandlerMiddleware->__invoke(Object(Cake\Http\ServerRequest), Object(Cake\Http\Response), Object(Cake\Http\Runner))
#37 /Users/t-murakami/project/blog/vendor/cakephp/debug_kit/src/Middleware/DebugKitMiddleware.php(53): Cake\Http\Runner->__invoke(Object(Cake\Http\ServerRequest), Object(Cake\Http\Response))
#38 /Users/t-murakami/project/blog/vendor/cakephp/cakephp/src/Http/Runner.php(65): DebugKit\Middleware\DebugKitMiddleware->__invoke(Object(Cake\Http\ServerRequest), Object(Cake\Http\Response), Object(Cake\Http\Runner))
#39 /Users/t-murakami/project/blog/vendor/cakephp/cakephp/src/Http/Runner.php(51): Cake\Http\Runner->__invoke(Object(Cake\Http\ServerRequest), Object(Cake\Http\Response))
#40 /Users/t-murakami/project/blog/vendor/cakephp/cakephp/src/Http/Server.php(97): Cake\Http\Runner->run(Object(Cake\Http\MiddlewareQueue), Object(Cake\Http\ServerRequest), Object(Cake\Http\Response))
#41 /Users/t-murakami/project/blog/webroot/index.php(40): Cake\Http\Server->run()
#42 {main}
Request URL: /


2021-02-03 01:15:09 Error: [PDOException] SQLSTATE[HY000]: General error: 1364 Field 'category_id' doesn't have a default value (/Users/t-murakami/project/blog/vendor/cakephp/cakephp/src/Database/Statement/MysqlStatement.php:37)
#0 /Users/t-murakami/project/blog/vendor/cakephp/cakephp/src/Database/Statement/MysqlStatement.php(37): PDOStatement->execute(NULL)
#1 /Users/t-murakami/project/blog/vendor/cakephp/cakephp/src/Database/Statement/StatementDecorator.php(173): Cake\Database\Statement\MysqlStatement->execute(NULL)
#2 /Users/t-murakami/project/blog/vendor/cakephp/cakephp/src/Database/Log/LoggingStatement.php(55): Cake\Database\Statement\StatementDecorator->execute(NULL)
#3 /Users/t-murakami/project/blog/vendor/cakephp/cakephp/src/Database/Connection.php(342): Cake\Database\Log\LoggingStatement->execute()
#4 /Users/t-murakami/project/blog/vendor/cakephp/cakephp/src/Core/Retry/CommandRetry.php(67): Cake\Database\Connection->Cake\Database\{closure}()
#5 /Users/t-murakami/project/blog/vendor/cakephp/cakephp/src/Database/Connection.php(345): Cake\Core\Retry\CommandRetry->run(Object(Closure))
#6 /Users/t-murakami/project/blog/vendor/cakephp/cakephp/src/Database/Query.php(218): Cake\Database\Connection->run(Object(Cake\ORM\Query))
#7 /Users/t-murakami/project/blog/vendor/cakephp/cakephp/src/ORM/Table.php(2136): Cake\Database\Query->execute()
#8 /Users/t-murakami/project/blog/vendor/cakephp/cakephp/src/ORM/Table.php(2028): Cake\ORM\Table->_insert(Object(App\Model\Entity\Article), Array)
#9 /Users/t-murakami/project/blog/vendor/cakephp/cakephp/src/ORM/Table.php(1941): Cake\ORM\Table->_processSave(Object(App\Model\Entity\Article), Object(ArrayObject))
#10 /Users/t-murakami/project/blog/vendor/cakephp/cakephp/src/ORM/Table.php(1646): Cake\ORM\Table->Cake\ORM\{closure}()
#11 /Users/t-murakami/project/blog/vendor/cakephp/cakephp/src/Database/Connection.php(746): Cake\ORM\Table->Cake\ORM\{closure}(Object(Cake\Database\Connection))
#12 /Users/t-murakami/project/blog/vendor/cakephp/cakephp/src/ORM/Table.php(1647): Cake\Database\Connection->transactional(Object(Closure))
#13 /Users/t-murakami/project/blog/vendor/cakephp/cakephp/src/ORM/Table.php(1942): Cake\ORM\Table->_executeTransaction(Object(Closure), true)
#14 /Users/t-murakami/project/blog/src/Controller/ArticlesController.php(54): Cake\ORM\Table->save(Object(App\Model\Entity\Article))
#15 /Users/t-murakami/project/blog/vendor/cakephp/cakephp/src/Controller/Controller.php(606): App\Controller\ArticlesController->add()
#16 /Users/t-murakami/project/blog/vendor/cakephp/cakephp/src/Http/ActionDispatcher.php(120): Cake\Controller\Controller->invokeAction()
#17 /Users/t-murakami/project/blog/vendor/cakephp/cakephp/src/Http/ActionDispatcher.php(94): Cake\Http\ActionDispatcher->_invoke(Object(App\Controller\ArticlesController))
#18 /Users/t-murakami/project/blog/vendor/cakephp/cakephp/src/Http/BaseApplication.php(256): Cake\Http\ActionDispatcher->dispatch(Object(Cake\Http\ServerRequest), Object(Cake\Http\Response))
#19 /Users/t-murakami/project/blog/vendor/cakephp/cakephp/src/Http/Runner.php(65): Cake\Http\BaseApplication->__invoke(Object(Cake\Http\ServerRequest), Object(Cake\Http\Response), Object(Cake\Http\Runner))
#20 /Users/t-murakami/project/blog/vendor/cakephp/cakephp/src/Http/Runner.php(65): Cake\Http\Runner->__invoke(Object(Cake\Http\ServerRequest), Object(Cake\Http\Response), Object(Cake\Http\Runner))
#21 /Users/t-murakami/project/blog/vendor/cakephp/cakephp/src/Http/Middleware/CsrfProtectionMiddleware.php(126): Cake\Http\Runner->__invoke(Object(Cake\Http\ServerRequest), Object(Cake\Http\Response))
#22 /Users/t-murakami/project/blog/vendor/cakephp/cakephp/src/Http/Runner.php(65): Cake\Http\Middleware\CsrfProtectionMiddleware->__invoke(Object(Cake\Http\ServerRequest), Object(Cake\Http\Response), Object(Cake\Http\Runner))
#23 /Users/t-murakami/project/blog/vendor/cakephp/cakephp/src/Http/Runner.php(51): Cake\Http\Runner->__invoke(Object(Cake\Http\ServerRequest), Object(Cake\Http\Response))
#24 /Users/t-murakami/project/blog/vendor/cakephp/cakephp/src/Routing/Middleware/RoutingMiddleware.php(170): Cake\Http\Runner->run(Object(Cake\Http\MiddlewareQueue), Object(Cake\Http\ServerRequest), Object(Cake\Http\Response))
#25 /Users/t-murakami/project/blog/vendor/cakephp/cakephp/src/Http/Runner.php(65): Cake\Routing\Middleware\RoutingMiddleware->__invoke(Object(Cake\Http\ServerRequest), Object(Cake\Http\Response), Object(Cake\Http\Runner))
#26 /Users/t-murakami/project/blog/vendor/cakephp/cakephp/src/Routing/Middleware/AssetMiddleware.php(88): Cake\Http\Runner->__invoke(Object(Cake\Http\ServerRequest), Object(Cake\Http\Response))
#27 /Users/t-murakami/project/blog/vendor/cakephp/cakephp/src/Http/Runner.php(65): Cake\Routing\Middleware\AssetMiddleware->__invoke(Object(Cake\Http\ServerRequest), Object(Cake\Http\Response), Object(Cake\Http\Runner))
#28 /Users/t-murakami/project/blog/vendor/cakephp/cakephp/src/Error/Middleware/ErrorHandlerMiddleware.php(100): Cake\Http\Runner->__invoke(Object(Cake\Http\ServerRequest), Object(Cake\Http\Response))
#29 /Users/t-murakami/project/blog/vendor/cakephp/cakephp/src/Http/Runner.php(65): Cake\Error\Middleware\ErrorHandlerMiddleware->__invoke(Object(Cake\Http\ServerRequest), Object(Cake\Http\Response), Object(Cake\Http\Runner))
#30 /Users/t-murakami/project/blog/vendor/cakephp/debug_kit/src/Middleware/DebugKitMiddleware.php(53): Cake\Http\Runner->__invoke(Object(Cake\Http\ServerRequest), Object(Cake\Http\Response))
#31 /Users/t-murakami/project/blog/vendor/cakephp/cakephp/src/Http/Runner.php(65): DebugKit\Middleware\DebugKitMiddleware->__invoke(Object(Cake\Http\ServerRequest), Object(Cake\Http\Response), Object(Cake\Http\Runner))
#32 /Users/t-murakami/project/blog/vendor/cakephp/cakephp/src/Http/Runner.php(51): Cake\Http\Runner->__invoke(Object(Cake\Http\ServerRequest), Object(Cake\Http\Response))
#33 /Users/t-murakami/project/blog/vendor/cakephp/cakephp/src/Http/Server.php(97): Cake\Http\Runner->run(Object(Cake\Http\MiddlewareQueue), Object(Cake\Http\ServerRequest), Object(Cake\Http\Response))
#34 /Users/t-murakami/project/blog/webroot/index.php(40): Cake\Http\Server->run()
#35 {main}
Request URL: /articles/add
Referer URL: http://localhost:8765/articles/add


